<?xml version="1.0" encoding="UTF-8"?>
<!-- Generated by org.testng.reporters.JUnitXMLReporter -->
<testsuite ignored="2" hostname="DESKTOP-LA112K0" failures="0" tests="2" name="Test" time="0.095" errors="0" timestamp="2024-03-05T20:16:34 IST">
  <testcase classname="Testngscript.fGroup2" name="test" time="0.011"/>
  <testcase classname="Testngscript.fGroup2" name="test1" time="0.003"/>
  <testcase classname="Testngscript.fGroup1" name="test1" time="0.0">
    <ignored/>
  </testcase> <!-- test1 -->
  <testcase classname="Testngscript.fGroup1" name="test" time="0.0">
    <ignored/>
  </testcase> <!-- test -->
</testsuite> <!-- Test -->
